<?xml version="1.0" encoding="UTF-8"?>
<testsuite xmlns:xsi="http://www.w3.org/2001/XMLSchema-instance" xsi:noNamespaceSchemaLocation="https://maven.apache.org/surefire/maven-surefire-plugin/xsd/surefire-test-report.xsd" name="conduitApp.ConduitTest" time="4.492" tests="2" errors="0" skipped="0" failures="0">
  <properties>
[...]
</properties>
  <testcase name="testAll[1][1]" classname="conduitApp.ConduitTest" time="1.988"/>
  <testcase name="testAll[2][1]" classname="conduitApp.ConduitTest" time="1.532"/>
</testsuite>